<?xml version="1.0" encoding="UTF-8"?>
<testsuite name="ohtu.matkakortti.KassapaateTest" tests="4" skipped="0" failures="0" errors="0" timestamp="2020-02-13T08:03:56" hostname="Niklass-MacBook-Pro.local" time="0.437">
  <properties/>
  <testcase name="kortilleEiVoiLadataNegatiivistaSummaa" classname="ohtu.matkakortti.KassapaateTest" time="0.424"/>
  <testcase name="kortiltaVelotetaanHintaJosRahaaOn" classname="ohtu.matkakortti.KassapaateTest" time="0.01"/>
  <testcase name="kortilleLadataanRahaaJosSummaPositiivinen" classname="ohtu.matkakortti.KassapaateTest" time="0.001"/>
  <testcase name="kortiltaEiVelotetaJosRahaEiRiita" classname="ohtu.matkakortti.KassapaateTest" time="0.001"/>
  <system-out><![CDATA[]]></system-out>
  <system-err><![CDATA[]]></system-err>
</testsuite>
